

Started GET "/" for 127.0.0.1 at 2016-06-23 17:48:10 +0200
Processing by CalendarController#show as HTML
  Rendered calendar/show.html.erb within layouts/application (26.1ms)
Completed 200 OK in 2398ms (Views: 2344.6ms | ActiveRecord: 0.0ms)


Started GET "/assets/application.css?body=1" for 127.0.0.1 at 2016-06-23 17:48:13 +0200


Started GET "/assets/jquery.js?body=1" for 127.0.0.1 at 2016-06-23 17:48:13 +0200


Started GET "/assets/jquery_ujs.js?body=1" for 127.0.0.1 at 2016-06-23 17:48:13 +0200


Started GET "/assets/turbolinks.js?body=1" for 127.0.0.1 at 2016-06-23 17:48:13 +0200


Started GET "/assets/calendar.js?body=1" for 127.0.0.1 at 2016-06-23 17:48:13 +0200


Started GET "/assets/calendar.css?body=1" for 127.0.0.1 at 2016-06-23 17:48:13 +0200


Started GET "/assets/application.js?body=1" for 127.0.0.1 at 2016-06-23 17:48:13 +0200


Started GET "/calendar?date=2016-07-23" for 127.0.0.1 at 2016-06-23 17:48:16 +0200
Processing by CalendarController#show as HTML
  Parameters: {"date"=>"2016-07-23"}
  Rendered calendar/show.html.erb within layouts/application (21.7ms)
Completed 200 OK in 57ms (Views: 55.9ms | ActiveRecord: 0.0ms)


Started GET "/calendar?date=2016-06-23" for 127.0.0.1 at 2016-06-23 17:48:17 +0200
Processing by CalendarController#show as HTML
  Parameters: {"date"=>"2016-06-23"}
  Rendered calendar/show.html.erb within layouts/application (1.9ms)
Completed 200 OK in 50ms (Views: 49.6ms | ActiveRecord: 0.0ms)


Started GET "/calendar?date=2016-05-23" for 127.0.0.1 at 2016-06-23 17:48:17 +0200
Processing by CalendarController#show as HTML
  Parameters: {"date"=>"2016-05-23"}
  Rendered calendar/show.html.erb within layouts/application (9.1ms)
Completed 200 OK in 31ms (Views: 30.7ms | ActiveRecord: 0.0ms)


Started GET "/calendar?date=2016-04-23" for 127.0.0.1 at 2016-06-23 17:48:18 +0200
Processing by CalendarController#show as HTML
  Parameters: {"date"=>"2016-04-23"}
  Rendered calendar/show.html.erb within layouts/application (1.7ms)
Completed 200 OK in 48ms (Views: 43.6ms | ActiveRecord: 0.0ms)


Started GET "/calendar?date=2016-03-23" for 127.0.0.1 at 2016-06-23 17:48:18 +0200
Processing by CalendarController#show as HTML
  Parameters: {"date"=>"2016-03-23"}
  Rendered calendar/show.html.erb within layouts/application (16.5ms)
Completed 200 OK in 49ms (Views: 48.2ms | ActiveRecord: 0.0ms)


Started GET "/calendar?date=2016-02-23" for 127.0.0.1 at 2016-06-23 17:48:19 +0200
Processing by CalendarController#show as HTML
  Parameters: {"date"=>"2016-02-23"}
  Rendered calendar/show.html.erb within layouts/application (5.9ms)
Completed 200 OK in 54ms (Views: 53.3ms | ActiveRecord: 0.0ms)


Started GET "/calendar?date=2016-01-23" for 127.0.0.1 at 2016-06-23 17:48:19 +0200
Processing by CalendarController#show as HTML
  Parameters: {"date"=>"2016-01-23"}
  Rendered calendar/show.html.erb within layouts/application (16.5ms)
Completed 200 OK in 49ms (Views: 48.4ms | ActiveRecord: 0.0ms)


Started GET "/calendar?date=2015-12-23" for 127.0.0.1 at 2016-06-23 17:48:20 +0200
Processing by CalendarController#show as HTML
  Parameters: {"date"=>"2015-12-23"}
  Rendered calendar/show.html.erb within layouts/application (1.6ms)
Completed 200 OK in 52ms (Views: 51.8ms | ActiveRecord: 0.0ms)


Started GET "/calendar?date=2015-11-23" for 127.0.0.1 at 2016-06-23 17:48:25 +0200
Processing by CalendarController#show as HTML
  Parameters: {"date"=>"2015-11-23"}
  Rendered calendar/show.html.erb within layouts/application (7.3ms)
Completed 200 OK in 46ms (Views: 45.0ms | ActiveRecord: 0.0ms)


Started GET "/calendar?date=2015-10-23" for 127.0.0.1 at 2016-06-23 17:48:25 +0200
Processing by CalendarController#show as HTML
  Parameters: {"date"=>"2015-10-23"}
  Rendered calendar/show.html.erb within layouts/application (12.4ms)
Completed 200 OK in 49ms (Views: 47.9ms | ActiveRecord: 0.0ms)


Started GET "/calendar?date=2015-09-23" for 127.0.0.1 at 2016-06-23 17:48:26 +0200
Processing by CalendarController#show as HTML
  Parameters: {"date"=>"2015-09-23"}
  Rendered calendar/show.html.erb within layouts/application (95.7ms)
Completed 200 OK in 118ms (Views: 116.9ms | ActiveRecord: 0.0ms)


Started GET "/calendar?date=2015-08-23" for 127.0.0.1 at 2016-06-23 17:48:26 +0200
Processing by CalendarController#show as HTML
  Parameters: {"date"=>"2015-08-23"}
  Rendered calendar/show.html.erb within layouts/application (25.3ms)
Completed 200 OK in 67ms (Views: 65.9ms | ActiveRecord: 0.0ms)


Started GET "/calendar?date=2015-07-23" for 127.0.0.1 at 2016-06-23 17:48:26 +0200
Processing by CalendarController#show as HTML
  Parameters: {"date"=>"2015-07-23"}
  Rendered calendar/show.html.erb within layouts/application (1.6ms)
Completed 200 OK in 39ms (Views: 38.6ms | ActiveRecord: 0.0ms)


Started GET "/calendar?date=2015-06-23" for 127.0.0.1 at 2016-06-23 17:48:27 +0200
Processing by CalendarController#show as HTML
  Parameters: {"date"=>"2015-06-23"}
  Rendered calendar/show.html.erb within layouts/application (1.8ms)
Completed 200 OK in 34ms (Views: 33.4ms | ActiveRecord: 0.0ms)


Started GET "/calendar?date=2015-05-23" for 127.0.0.1 at 2016-06-23 17:48:27 +0200
Processing by CalendarController#show as HTML
  Parameters: {"date"=>"2015-05-23"}
  Rendered calendar/show.html.erb within layouts/application (2.0ms)
Completed 200 OK in 41ms (Views: 40.6ms | ActiveRecord: 0.0ms)


Started GET "/calendar?date=2015-04-23" for 127.0.0.1 at 2016-06-23 17:48:27 +0200
Processing by CalendarController#show as HTML
  Parameters: {"date"=>"2015-04-23"}
  Rendered calendar/show.html.erb within layouts/application (9.7ms)
Completed 200 OK in 47ms (Views: 41.1ms | ActiveRecord: 0.0ms)


Started GET "/calendar?date=2015-03-23" for 127.0.0.1 at 2016-06-23 17:48:28 +0200
Processing by CalendarController#show as HTML
  Parameters: {"date"=>"2015-03-23"}
  Rendered calendar/show.html.erb within layouts/application (1.7ms)
Completed 200 OK in 54ms (Views: 53.0ms | ActiveRecord: 0.0ms)


Started GET "/calendar?date=2015-02-23" for 127.0.0.1 at 2016-06-23 17:48:28 +0200
Processing by CalendarController#show as HTML
  Parameters: {"date"=>"2015-02-23"}
  Rendered calendar/show.html.erb within layouts/application (9.3ms)
Completed 200 OK in 51ms (Views: 49.4ms | ActiveRecord: 0.0ms)


Started GET "/calendar?date=2015-01-23" for 127.0.0.1 at 2016-06-23 17:48:28 +0200
Processing by CalendarController#show as HTML
  Parameters: {"date"=>"2015-01-23"}
  Rendered calendar/show.html.erb within layouts/application (1.9ms)
Completed 200 OK in 35ms (Views: 34.7ms | ActiveRecord: 0.0ms)


Started GET "/calendar?date=2014-12-23" for 127.0.0.1 at 2016-06-23 17:48:29 +0200
Processing by CalendarController#show as HTML
  Parameters: {"date"=>"2014-12-23"}
  Rendered calendar/show.html.erb within layouts/application (4.7ms)
Completed 200 OK in 49ms (Views: 48.0ms | ActiveRecord: 0.0ms)


Started GET "/calendar?date=2014-11-23" for 127.0.0.1 at 2016-06-23 17:48:30 +0200
Processing by CalendarController#show as HTML
  Parameters: {"date"=>"2014-11-23"}
  Rendered calendar/show.html.erb within layouts/application (14.9ms)
Completed 200 OK in 42ms (Views: 41.0ms | ActiveRecord: 0.0ms)


Started GET "/calendar?date=2014-10-23" for 127.0.0.1 at 2016-06-23 17:48:30 +0200
Processing by CalendarController#show as HTML
  Parameters: {"date"=>"2014-10-23"}
  Rendered calendar/show.html.erb within layouts/application (19.6ms)
Completed 200 OK in 43ms (Views: 42.4ms | ActiveRecord: 0.0ms)


Started GET "/calendar?date=2014-11-23" for 127.0.0.1 at 2016-06-23 17:48:31 +0200
Processing by CalendarController#show as HTML
  Parameters: {"date"=>"2014-11-23"}
  Rendered calendar/show.html.erb within layouts/application (1.9ms)
Completed 200 OK in 47ms (Views: 43.7ms | ActiveRecord: 0.0ms)


Started GET "/calendar?date=2014-12-23" for 127.0.0.1 at 2016-06-23 17:48:31 +0200
Processing by CalendarController#show as HTML
  Parameters: {"date"=>"2014-12-23"}
  Rendered calendar/show.html.erb within layouts/application (1.6ms)
Completed 200 OK in 25ms (Views: 23.2ms | ActiveRecord: 0.0ms)


Started GET "/calendar?date=2015-01-23" for 127.0.0.1 at 2016-06-23 17:48:31 +0200
Processing by CalendarController#show as HTML
  Parameters: {"date"=>"2015-01-23"}
  Rendered calendar/show.html.erb within layouts/application (15.3ms)
Completed 200 OK in 47ms (Views: 45.9ms | ActiveRecord: 0.0ms)


Started GET "/calendar?date=2015-02-23" for 127.0.0.1 at 2016-06-23 17:48:32 +0200
Processing by CalendarController#show as HTML
  Parameters: {"date"=>"2015-02-23"}
  Rendered calendar/show.html.erb within layouts/application (1.4ms)
Completed 200 OK in 40ms (Views: 39.1ms | ActiveRecord: 0.0ms)


Started GET "/calendar?date=2015-03-23" for 127.0.0.1 at 2016-06-23 17:48:32 +0200
Processing by CalendarController#show as HTML
  Parameters: {"date"=>"2015-03-23"}
  Rendered calendar/show.html.erb within layouts/application (13.9ms)
Completed 200 OK in 38ms (Views: 37.2ms | ActiveRecord: 0.0ms)


Started GET "/calendar?date=2015-04-23" for 127.0.0.1 at 2016-06-23 17:48:32 +0200
Processing by CalendarController#show as HTML
  Parameters: {"date"=>"2015-04-23"}
  Rendered calendar/show.html.erb within layouts/application (1.7ms)
Completed 200 OK in 32ms (Views: 31.4ms | ActiveRecord: 0.0ms)


Started GET "/calendar?date=2015-05-23" for 127.0.0.1 at 2016-06-23 17:48:32 +0200
Processing by CalendarController#show as HTML
  Parameters: {"date"=>"2015-05-23"}
  Rendered calendar/show.html.erb within layouts/application (8.1ms)
Completed 200 OK in 59ms (Views: 58.6ms | ActiveRecord: 0.0ms)


Started GET "/calendar?date=2015-06-23" for 127.0.0.1 at 2016-06-23 17:48:32 +0200
Processing by CalendarController#show as HTML
  Parameters: {"date"=>"2015-06-23"}
  Rendered calendar/show.html.erb within layouts/application (9.9ms)
Completed 200 OK in 47ms (Views: 46.3ms | ActiveRecord: 0.0ms)


Started GET "/calendar?date=2015-07-23" for 127.0.0.1 at 2016-06-23 17:48:33 +0200
Processing by CalendarController#show as HTML
  Parameters: {"date"=>"2015-07-23"}
  Rendered calendar/show.html.erb within layouts/application (9.7ms)
Completed 200 OK in 30ms (Views: 29.8ms | ActiveRecord: 0.0ms)


Started GET "/calendar?date=2015-08-23" for 127.0.0.1 at 2016-06-23 17:48:33 +0200
Processing by CalendarController#show as HTML
  Parameters: {"date"=>"2015-08-23"}
  Rendered calendar/show.html.erb within layouts/application (9.8ms)
Completed 200 OK in 45ms (Views: 44.9ms | ActiveRecord: 0.0ms)


Started GET "/calendar?date=2015-09-23" for 127.0.0.1 at 2016-06-23 17:48:34 +0200
Processing by CalendarController#show as HTML
  Parameters: {"date"=>"2015-09-23"}
  Rendered calendar/show.html.erb within layouts/application (27.3ms)
Completed 200 OK in 53ms (Views: 52.4ms | ActiveRecord: 0.0ms)


Started GET "/calendar?date=2015-10-23" for 127.0.0.1 at 2016-06-23 17:48:34 +0200
Processing by CalendarController#show as HTML
  Parameters: {"date"=>"2015-10-23"}
  Rendered calendar/show.html.erb within layouts/application (6.6ms)
Completed 200 OK in 50ms (Views: 49.0ms | ActiveRecord: 0.0ms)


Started GET "/calendar?date=2015-11-23" for 127.0.0.1 at 2016-06-23 17:48:35 +0200
Processing by CalendarController#show as HTML
  Parameters: {"date"=>"2015-11-23"}
  Rendered calendar/show.html.erb within layouts/application (14.9ms)
Completed 200 OK in 56ms (Views: 55.1ms | ActiveRecord: 0.0ms)


Started GET "/calendar?date=2015-12-23" for 127.0.0.1 at 2016-06-23 17:48:35 +0200
Processing by CalendarController#show as HTML
  Parameters: {"date"=>"2015-12-23"}
  Rendered calendar/show.html.erb within layouts/application (5.6ms)
Completed 200 OK in 51ms (Views: 50.7ms | ActiveRecord: 0.0ms)


Started GET "/calendar?date=2016-01-23" for 127.0.0.1 at 2016-06-23 17:48:36 +0200
Processing by CalendarController#show as HTML
  Parameters: {"date"=>"2016-01-23"}
  Rendered calendar/show.html.erb within layouts/application (15.2ms)
Completed 200 OK in 54ms (Views: 53.4ms | ActiveRecord: 0.0ms)


Started GET "/calendar?date=2016-02-23" for 127.0.0.1 at 2016-06-23 17:48:36 +0200
Processing by CalendarController#show as HTML
  Parameters: {"date"=>"2016-02-23"}
  Rendered calendar/show.html.erb within layouts/application (1.7ms)
Completed 200 OK in 62ms (Views: 61.5ms | ActiveRecord: 0.0ms)


Started GET "/calendar?date=2016-03-23" for 127.0.0.1 at 2016-06-23 17:48:37 +0200
Processing by CalendarController#show as HTML
  Parameters: {"date"=>"2016-03-23"}
  Rendered calendar/show.html.erb within layouts/application (9.4ms)
Completed 200 OK in 44ms (Views: 43.3ms | ActiveRecord: 0.0ms)


Started GET "/calendar?date=2016-04-23" for 127.0.0.1 at 2016-06-23 17:48:37 +0200
Processing by CalendarController#show as HTML
  Parameters: {"date"=>"2016-04-23"}
  Rendered calendar/show.html.erb within layouts/application (1.7ms)
Completed 200 OK in 58ms (Views: 54.2ms | ActiveRecord: 0.0ms)


Started GET "/calendar?date=2016-05-23" for 127.0.0.1 at 2016-06-23 17:48:38 +0200
Processing by CalendarController#show as HTML
  Parameters: {"date"=>"2016-05-23"}
  Rendered calendar/show.html.erb within layouts/application (17.9ms)
Completed 200 OK in 47ms (Views: 46.4ms | ActiveRecord: 0.0ms)


Started GET "/calendar?date=2016-06-23" for 127.0.0.1 at 2016-06-23 17:48:38 +0200
Processing by CalendarController#show as HTML
  Parameters: {"date"=>"2016-06-23"}
  Rendered calendar/show.html.erb within layouts/application (7.6ms)
Completed 200 OK in 29ms (Views: 28.4ms | ActiveRecord: 0.0ms)


Started GET "/calendar?date=2016-07-23" for 127.0.0.1 at 2016-06-23 17:48:38 +0200
Processing by CalendarController#show as HTML
  Parameters: {"date"=>"2016-07-23"}
  Rendered calendar/show.html.erb within layouts/application (8.9ms)
Completed 200 OK in 26ms (Views: 25.7ms | ActiveRecord: 0.0ms)


Started GET "/calendar?date=2016-08-23" for 127.0.0.1 at 2016-06-23 17:48:39 +0200
Processing by CalendarController#show as HTML
  Parameters: {"date"=>"2016-08-23"}
  Rendered calendar/show.html.erb within layouts/application (16.2ms)
Completed 200 OK in 61ms (Views: 54.1ms | ActiveRecord: 0.0ms)


Started GET "/calendar?date=2016-09-23" for 127.0.0.1 at 2016-06-23 17:48:39 +0200
Processing by CalendarController#show as HTML
  Parameters: {"date"=>"2016-09-23"}
  Rendered calendar/show.html.erb within layouts/application (1.7ms)
Completed 200 OK in 43ms (Views: 41.8ms | ActiveRecord: 0.0ms)


Started GET "/calendar?date=2016-10-23" for 127.0.0.1 at 2016-06-23 17:48:39 +0200
Processing by CalendarController#show as HTML
  Parameters: {"date"=>"2016-10-23"}
  Rendered calendar/show.html.erb within layouts/application (2.0ms)
Completed 200 OK in 40ms (Views: 39.0ms | ActiveRecord: 0.0ms)


Started GET "/calendar?date=2016-11-23" for 127.0.0.1 at 2016-06-23 17:48:39 +0200
Processing by CalendarController#show as HTML
  Parameters: {"date"=>"2016-11-23"}
  Rendered calendar/show.html.erb within layouts/application (7.9ms)
Completed 200 OK in 47ms (Views: 46.0ms | ActiveRecord: 0.0ms)


Started GET "/calendar?date=2016-12-23" for 127.0.0.1 at 2016-06-23 17:48:39 +0200
Processing by CalendarController#show as HTML
  Parameters: {"date"=>"2016-12-23"}
  Rendered calendar/show.html.erb within layouts/application (13.4ms)
Completed 200 OK in 44ms (Views: 43.5ms | ActiveRecord: 0.0ms)


Started GET "/calendar?date=2017-01-23" for 127.0.0.1 at 2016-06-23 17:48:40 +0200
Processing by CalendarController#show as HTML
  Parameters: {"date"=>"2017-01-23"}
  Rendered calendar/show.html.erb within layouts/application (6.9ms)
Completed 200 OK in 57ms (Views: 56.1ms | ActiveRecord: 0.0ms)


Started GET "/calendar?date=2017-02-23" for 127.0.0.1 at 2016-06-23 17:48:40 +0200
Processing by CalendarController#show as HTML
  Parameters: {"date"=>"2017-02-23"}
  Rendered calendar/show.html.erb within layouts/application (1.8ms)
Completed 200 OK in 47ms (Views: 46.2ms | ActiveRecord: 0.0ms)


Started GET "/calendar?date=2017-03-23" for 127.0.0.1 at 2016-06-23 17:48:40 +0200
Processing by CalendarController#show as HTML
  Parameters: {"date"=>"2017-03-23"}
  Rendered calendar/show.html.erb within layouts/application (1.7ms)
Completed 200 OK in 18ms (Views: 17.3ms | ActiveRecord: 0.0ms)


Started GET "/calendar?date=2017-04-23" for 127.0.0.1 at 2016-06-23 17:48:40 +0200
Processing by CalendarController#show as HTML
  Parameters: {"date"=>"2017-04-23"}
  Rendered calendar/show.html.erb within layouts/application (12.7ms)
Completed 200 OK in 40ms (Views: 39.1ms | ActiveRecord: 0.0ms)


Started GET "/calendar?date=2017-05-23" for 127.0.0.1 at 2016-06-23 17:48:41 +0200
Processing by CalendarController#show as HTML
  Parameters: {"date"=>"2017-05-23"}
  Rendered calendar/show.html.erb within layouts/application (1.7ms)
Completed 200 OK in 50ms (Views: 48.5ms | ActiveRecord: 0.0ms)


Started GET "/calendar?date=2017-06-23" for 127.0.0.1 at 2016-06-23 17:48:41 +0200
Processing by CalendarController#show as HTML
  Parameters: {"date"=>"2017-06-23"}
  Rendered calendar/show.html.erb within layouts/application (12.2ms)
Completed 200 OK in 29ms (Views: 27.2ms | ActiveRecord: 0.0ms)


Started GET "/calendar?date=2017-07-23" for 127.0.0.1 at 2016-06-23 17:48:41 +0200
Processing by CalendarController#show as HTML
  Parameters: {"date"=>"2017-07-23"}
  Rendered calendar/show.html.erb within layouts/application (27.6ms)
Completed 200 OK in 62ms (Views: 61.4ms | ActiveRecord: 0.0ms)


Started GET "/calendar?date=2017-08-23" for 127.0.0.1 at 2016-06-23 17:48:42 +0200
Processing by CalendarController#show as HTML
  Parameters: {"date"=>"2017-08-23"}
  Rendered calendar/show.html.erb within layouts/application (8.1ms)
Completed 200 OK in 48ms (Views: 47.6ms | ActiveRecord: 0.0ms)


Started GET "/calendar?date=2017-09-23" for 127.0.0.1 at 2016-06-23 17:48:42 +0200
Processing by CalendarController#show as HTML
  Parameters: {"date"=>"2017-09-23"}
  Rendered calendar/show.html.erb within layouts/application (1.7ms)
Completed 200 OK in 53ms (Views: 43.6ms | ActiveRecord: 0.0ms)


Started GET "/calendar?date=2017-10-23" for 127.0.0.1 at 2016-06-23 17:48:42 +0200
Processing by CalendarController#show as HTML
  Parameters: {"date"=>"2017-10-23"}
  Rendered calendar/show.html.erb within layouts/application (1.9ms)
Completed 200 OK in 48ms (Views: 47.7ms | ActiveRecord: 0.0ms)


Started GET "/calendar?date=2017-09-23" for 127.0.0.1 at 2016-06-23 17:48:43 +0200
Processing by CalendarController#show as HTML
  Parameters: {"date"=>"2017-09-23"}
  Rendered calendar/show.html.erb within layouts/application (4.8ms)
Completed 200 OK in 43ms (Views: 42.1ms | ActiveRecord: 0.0ms)


Started GET "/calendar?date=2017-08-23" for 127.0.0.1 at 2016-06-23 17:48:43 +0200
Processing by CalendarController#show as HTML
  Parameters: {"date"=>"2017-08-23"}
  Rendered calendar/show.html.erb within layouts/application (2.4ms)
Completed 200 OK in 60ms (Views: 45.6ms | ActiveRecord: 0.0ms)


Started GET "/calendar?date=2017-07-23" for 127.0.0.1 at 2016-06-23 17:48:44 +0200
Processing by CalendarController#show as HTML
  Parameters: {"date"=>"2017-07-23"}
  Rendered calendar/show.html.erb within layouts/application (15.0ms)
Completed 200 OK in 57ms (Views: 44.5ms | ActiveRecord: 0.0ms)


Started GET "/calendar?date=2017-06-23" for 127.0.0.1 at 2016-06-23 17:48:44 +0200
Processing by CalendarController#show as HTML
  Parameters: {"date"=>"2017-06-23"}
  Rendered calendar/show.html.erb within layouts/application (1.8ms)
Completed 200 OK in 40ms (Views: 39.7ms | ActiveRecord: 0.0ms)


Started GET "/calendar?date=2017-05-23" for 127.0.0.1 at 2016-06-23 17:48:45 +0200
Processing by CalendarController#show as HTML
  Parameters: {"date"=>"2017-05-23"}
  Rendered calendar/show.html.erb within layouts/application (8.4ms)
Completed 200 OK in 52ms (Views: 51.1ms | ActiveRecord: 0.0ms)


Started GET "/calendar?date=2017-04-23" for 127.0.0.1 at 2016-06-23 17:48:45 +0200
Processing by CalendarController#show as HTML
  Parameters: {"date"=>"2017-04-23"}
  Rendered calendar/show.html.erb within layouts/application (21.4ms)
Completed 200 OK in 72ms (Views: 51.1ms | ActiveRecord: 0.0ms)


Started GET "/calendar?date=2017-03-23" for 127.0.0.1 at 2016-06-23 17:48:45 +0200
Processing by CalendarController#show as HTML
  Parameters: {"date"=>"2017-03-23"}
  Rendered calendar/show.html.erb within layouts/application (1.6ms)
Completed 200 OK in 43ms (Views: 42.3ms | ActiveRecord: 0.0ms)


Started GET "/calendar?date=2017-02-23" for 127.0.0.1 at 2016-06-23 17:48:45 +0200
Processing by CalendarController#show as HTML
  Parameters: {"date"=>"2017-02-23"}
  Rendered calendar/show.html.erb within layouts/application (7.1ms)
Completed 200 OK in 51ms (Views: 49.7ms | ActiveRecord: 0.0ms)


Started GET "/calendar?date=2017-01-23" for 127.0.0.1 at 2016-06-23 17:48:49 +0200
Processing by CalendarController#show as HTML
  Parameters: {"date"=>"2017-01-23"}
  Rendered calendar/show.html.erb within layouts/application (5.5ms)
Completed 200 OK in 46ms (Views: 45.5ms | ActiveRecord: 0.0ms)


Started GET "/calendar?date=2016-12-23" for 127.0.0.1 at 2016-06-23 17:48:49 +0200
Processing by CalendarController#show as HTML
  Parameters: {"date"=>"2016-12-23"}
  Rendered calendar/show.html.erb within layouts/application (1.7ms)
Completed 200 OK in 49ms (Views: 48.1ms | ActiveRecord: 0.0ms)


Started GET "/calendar?date=2016-11-23" for 127.0.0.1 at 2016-06-23 17:48:50 +0200
Processing by CalendarController#show as HTML
  Parameters: {"date"=>"2016-11-23"}
  Rendered calendar/show.html.erb within layouts/application (3.5ms)
Completed 200 OK in 38ms (Views: 37.7ms | ActiveRecord: 0.0ms)


Started GET "/" for 127.0.0.1 at 2016-06-23 17:56:29 +0200
Processing by CalendarController#show as HTML
  Rendered calendar/show.html.erb within layouts/application (21.0ms)
Completed 200 OK in 44ms (Views: 43.4ms | ActiveRecord: 0.0ms)


Started GET "/assets/application.css?body=1" for 127.0.0.1 at 2016-06-23 17:56:29 +0200


Started GET "/assets/calendar.css?body=1" for 127.0.0.1 at 2016-06-23 17:56:29 +0200


Started GET "/assets/jquery.js?body=1" for 127.0.0.1 at 2016-06-23 17:56:29 +0200


Started GET "/assets/jquery_ujs.js?body=1" for 127.0.0.1 at 2016-06-23 17:56:29 +0200


Started GET "/assets/turbolinks.js?body=1" for 127.0.0.1 at 2016-06-23 17:56:29 +0200


Started GET "/assets/calendar.js?body=1" for 127.0.0.1 at 2016-06-23 17:56:29 +0200


Started GET "/assets/application.js?body=1" for 127.0.0.1 at 2016-06-23 17:56:29 +0200


Started GET "/" for 127.0.0.1 at 2016-07-07 17:12:52 +0200
Processing by CalendarController#show as HTML
  Rendered calendar/show.html.erb within layouts/application (76.4ms)
Completed 200 OK in 665ms (Views: 571.0ms | ActiveRecord: 0.0ms)


Started GET "/assets/application.css?body=1" for 127.0.0.1 at 2016-07-07 17:12:54 +0200


Started GET "/assets/calendar.css?body=1" for 127.0.0.1 at 2016-07-07 17:12:54 +0200


Started GET "/assets/jquery.js?body=1" for 127.0.0.1 at 2016-07-07 17:12:54 +0200


Started GET "/assets/jquery_ujs.js?body=1" for 127.0.0.1 at 2016-07-07 17:12:55 +0200


Started GET "/assets/turbolinks.js?body=1" for 127.0.0.1 at 2016-07-07 17:12:55 +0200


Started GET "/assets/calendar.js?body=1" for 127.0.0.1 at 2016-07-07 17:12:55 +0200


Started GET "/assets/application.js?body=1" for 127.0.0.1 at 2016-07-07 17:12:55 +0200
